mode: set
github.com/jeamon/go-concurrency-urls-fetching/main.go:19.32,26.16 3 1
github.com/jeamon/go-concurrency-urls-fetching/main.go:30.2,32.20 2 1
github.com/jeamon/go-concurrency-urls-fetching/main.go:26.16,29.3 1 1
github.com/jeamon/go-concurrency-urls-fetching/main.go:39.34,41.29 2 1
github.com/jeamon/go-concurrency-urls-fetching/main.go:51.2,51.11 1 1
github.com/jeamon/go-concurrency-urls-fetching/main.go:41.29,45.13 3 1
github.com/jeamon/go-concurrency-urls-fetching/main.go:45.13,49.4 3 1
github.com/jeamon/go-concurrency-urls-fetching/main.go:58.35,60.29 2 1
github.com/jeamon/go-concurrency-urls-fetching/main.go:69.2,69.11 1 1
github.com/jeamon/go-concurrency-urls-fetching/main.go:60.29,63.23 2 1
github.com/jeamon/go-concurrency-urls-fetching/main.go:63.23,67.4 3 1
github.com/jeamon/go-concurrency-urls-fetching/main.go:75.34,80.12 4 1
github.com/jeamon/go-concurrency-urls-fetching/main.go:88.2,88.29 1 1
github.com/jeamon/go-concurrency-urls-fetching/main.go:96.2,96.8 1 1
github.com/jeamon/go-concurrency-urls-fetching/main.go:80.12,81.38 1 1
github.com/jeamon/go-concurrency-urls-fetching/main.go:85.3,85.15 1 1
github.com/jeamon/go-concurrency-urls-fetching/main.go:81.38,84.4 2 1
github.com/jeamon/go-concurrency-urls-fetching/main.go:88.29,90.23 1 1
github.com/jeamon/go-concurrency-urls-fetching/main.go:90.23,93.4 2 1
github.com/jeamon/go-concurrency-urls-fetching/main.go:103.35,107.25 3 1
github.com/jeamon/go-concurrency-urls-fetching/main.go:111.2,115.39 3 1
github.com/jeamon/go-concurrency-urls-fetching/main.go:125.2,125.12 1 1
github.com/jeamon/go-concurrency-urls-fetching/main.go:132.2,132.25 1 1
github.com/jeamon/go-concurrency-urls-fetching/main.go:137.2,137.20 1 1
github.com/jeamon/go-concurrency-urls-fetching/main.go:107.25,109.3 1 1
github.com/jeamon/go-concurrency-urls-fetching/main.go:115.39,116.19 1 1
github.com/jeamon/go-concurrency-urls-fetching/main.go:116.19,117.33 1 1
github.com/jeamon/go-concurrency-urls-fetching/main.go:117.33,121.5 2 1
github.com/jeamon/go-concurrency-urls-fetching/main.go:125.12,126.29 1 1
github.com/jeamon/go-concurrency-urls-fetching/main.go:126.29,128.4 1 1
github.com/jeamon/go-concurrency-urls-fetching/main.go:132.25,134.3 1 1
github.com/jeamon/go-concurrency-urls-fetching/main.go:140.13,172.2 9 0
